{"level":"info","message":"237354112730136577 | 1685809678725 | help"}
{"level":"info","message":"meta | 2 | 135 | 1"}
{"level":"info","message":"meta | 2 | 135 | 1 | 35"}
{"level":"info","message":"command | 237354112730136577 | 1685810211735 | palette"}
{"level":"info","message":"meta | 2 | 135 | 1 | 35"}
{"level":"info","message":"command | 237354112730136577 | 1685810337474 | view"}
{"level":"info","message":"meta | 2 | 135 | 1 | 35"}
{"level":"info","message":"command | 237354112730136577 | 1685810570261 | view"}
{"level":"info","message":"command | 237354112730136577 | 1685810578767 | view"}
{"level":"info","message":"command | 237354112730136577 | 1685810595155 | help"}
{"level":"info","message":"command | 237354112730136577 | 1685810602079 | help"}
{"level":"info","message":"command | 237354112730136577 | 1685810624365 | view"}
{"level":"info","message":"command | 237354112730136577 | 1685810638253 | convert"}
{"level":"info","message":"command | 237354112730136577 | 1685810644471 | view"}
{"level":"info","message":"meta | 2 | 135 | 1 | 35"}
{"level":"info","message":"command | 237354112730136577 | 1685810738142 | view"}
{"level":"info","message":"command | 237354112730136577 | 1685810749035 | convert"}
{"level":"info","message":"command | 237354112730136577 | 1685810760865 | help"}
{"level":"info","message":"command | 237354112730136577 | 1685810772437 | palette"}
{"level":"info","message":"meta | 2 | 135 | 1 | 35"}
{"level":"info","message":"command | 237354112730136577 | 1685810861287 | palette"}
{"level":"info","message":"meta | 2 | 135 | 1 | 35"}
{"level":"info","message":"command | 237354112730136577 | 1685810969918 | palette"}
{"level":"info","message":"meta | 2 | 135 | 1 | 35"}
{"level":"info","message":"command | 237354112730136577 | 1685811069907 | view"}
{"level":"info","message":"command | 237354112730136577 | 1685811076832 | view"}
{"level":"info","message":"command | 237354112730136577 | 1685817601639 | help"}
{"level":"info","message":"meta | 2 | 135 | 1 | 35"}
{"level":"info","message":"command | 237354112730136577 | 1685817646290 | help"}
{"level":"info","message":"command | 237354112730136577 | 1685817668252 | palette"}
{"level":"info","message":"command | 237354112730136577 | 1685817687338 | palette"}
{"level":"info","message":"command | 237354112730136577 | 1685817693279 | palette"}
{"level":"info","message":"command | 237354112730136577 | 1685817725685 | palette"}
{"level":"info","message":"command | 237354112730136577 | 1685817769714 | palette"}
{"level":"info","message":"command | 237354112730136577 | 1685817775064 | palette"}
{"level":"info","message":"meta | 2 | 135 | 1 | 35"}
{"level":"info","message":"command | 237354112730136577 | 1685817797250 | palette"}
{"level":"info","message":"meta | 2 | 135 | 1 | 35"}
{"level":"info","message":"command | 237354112730136577 | 1685817839210 | palette"}
{"level":"info","message":"command | 237354112730136577 | 1685817841259 | palette"}
{"level":"info","message":"command | 237354112730136577 | 1685817843712 | palette"}
{"level":"info","message":"command | 237354112730136577 | 1685817847472 | palette"}
{"level":"info","message":"command | 237354112730136577 | 1685817850981 | palette"}
{"level":"info","message":"meta | 2 | 135 | 1 | 35"}
{"level":"info","message":"meta | 2 | 135 | 1 | 35"}
{"level":"info","message":"command | 237354112730136577 | 1685818030568 | palette"}
{"level":"info","message":"command | 237354112730136577 | 1685818032126 | palette"}
{"level":"info","message":"command | 237354112730136577 | 1685818033813 | palette"}
{"level":"info","message":"command | 237354112730136577 | 1685818036197 | palette"}
{"level":"info","message":"command | 237354112730136577 | 1685818038177 | palette"}
{"level":"info","message":"command | 237354112730136577 | 1685818040703 | palette"}
{"level":"info","message":"command | 237354112730136577 | 1685818043193 | palette"}
{"level":"info","message":"command | 237354112730136577 | 1685818045664 | palette"}
{"level":"info","message":"command | 237354112730136577 | 1685818048150 | palette"}
{"level":"info","message":"command | 237354112730136577 | 1685818050847 | palette"}
{"level":"info","message":"command | 237354112730136577 | 1685818053385 | palette"}
{"level":"info","message":"command | 237354112730136577 | 1685818055700 | palette"}
{"level":"info","message":"command | 237354112730136577 | 1685818066718 | palette"}
{"level":"info","message":"command | 237354112730136577 | 1685818068545 | palette"}
{"level":"info","message":"command | 237354112730136577 | 1685818070128 | palette"}
{"level":"info","message":"meta | 2 | 135 | 1 | 35"}
{"level":"info","message":"command | 237354112730136577 | 1685818127764 | palette"}
{"level":"info","message":"command | 237354112730136577 | 1685818129423 | palette"}
{"level":"info","message":"command | 237354112730136577 | 1685818130949 | palette"}
{"level":"info","message":"command | 237354112730136577 | 1685818133043 | palette"}
{"level":"info","message":"meta | 2 | 135 | 1 | 35"}
{"level":"info","message":"command | 237354112730136577 | 1685818179945 | palette"}
{"level":"info","message":"command | 237354112730136577 | 1685818181858 | palette"}
{"level":"info","message":"command | 237354112730136577 | 1685818183487 | palette"}
{"level":"info","message":"command | 237354112730136577 | 1685818185202 | palette"}
{"level":"info","message":"command | 237354112730136577 | 1685818187460 | palette"}
{"level":"info","message":"command | 237354112730136577 | 1685818191222 | palette"}
{"level":"info","message":"meta | 2 | 135 | 1 | 35"}
{"level":"info","message":"command | 237354112730136577 | 1685818218739 | palette"}
{"level":"info","message":"command | 237354112730136577 | 1685818220110 | palette"}
{"level":"info","message":"command | 237354112730136577 | 1685818221719 | palette"}
{"level":"info","message":"command | 237354112730136577 | 1685818223843 | palette"}
{"level":"info","message":"command | 237354112730136577 | 1685818226320 | palette"}
{"level":"info","message":"meta | 2 | 135 | 1 | 35"}
{"level":"info","message":"command | 237354112730136577 | 1685818604866 | palette"}
{"level":"info","message":"command | 237354112730136577 | 1685818606727 | palette"}
{"level":"info","message":"command | 237354112730136577 | 1685818608627 | palette"}
{"level":"info","message":"command | 237354112730136577 | 1685818612440 | palette"}
{"level":"info","message":"command | 237354112730136577 | 1685818617318 | palette"}
{"level":"info","message":"command | 237354112730136577 | 1685818618830 | palette"}
{"level":"info","message":"meta | 2 | 135 | 1 | 35"}
{"level":"info","message":"command | 237354112730136577 | 1685818647480 | palette"}
{"level":"info","message":"command | 237354112730136577 | 1685818648985 | palette"}
{"level":"info","message":"meta | 2 | 135 | 1 | 35"}
{"level":"info","message":"command | 237354112730136577 | 1685818692455 | palette"}
{"level":"info","message":"command | 237354112730136577 | 1685818694952 | palette"}
{"level":"info","message":"command | 237354112730136577 | 1685818696640 | palette"}
{"level":"info","message":"command | 237354112730136577 | 1685818699640 | palette"}
{"level":"info","message":"command | 237354112730136577 | 1685818701632 | palette"}
{"level":"info","message":"meta | 2 | 135 | 1 | 35"}
{"level":"info","message":"command | 237354112730136577 | 1685818733844 | palette"}
{"level":"info","message":"command | 237354112730136577 | 1685818736176 | palette"}
{"level":"info","message":"command | 237354112730136577 | 1685818738051 | palette"}
{"level":"info","message":"command | 237354112730136577 | 1685818740721 | palette"}
{"level":"info","message":"command | 237354112730136577 | 1685818743438 | palette"}
{"level":"info","message":"command | 237354112730136577 | 1685818745445 | palette"}
{"level":"info","message":"meta | 2 | 135 | 1 | 35"}
{"level":"info","message":"command | 237354112730136577 | 1685818772866 | palette"}
{"level":"info","message":"command | 237354112730136577 | 1685818774741 | palette"}
{"level":"info","message":"command | 237354112730136577 | 1685818776847 | palette"}
{"level":"info","message":"command | 237354112730136577 | 1685818778716 | palette"}
{"level":"info","message":"command | 237354112730136577 | 1685818780723 | palette"}
{"level":"info","message":"command | 237354112730136577 | 1685818782992 | palette"}
{"level":"info","message":"command | 237354112730136577 | 1685818788199 | palette"}
{"level":"info","message":"command | 237354112730136577 | 1685818789910 | palette"}
{"level":"info","message":"meta | 2 | 135 | 1 | 35"}
{"level":"info","message":"command | 237354112730136577 | 1685818841464 | palette"}
{"level":"info","message":"command | 237354112730136577 | 1685818843390 | palette"}
{"level":"info","message":"command | 237354112730136577 | 1685818844980 | palette"}
{"level":"info","message":"command | 237354112730136577 | 1685818846937 | palette"}
{"level":"info","message":"command | 237354112730136577 | 1685818849765 | palette"}
{"level":"info","message":"command | 237354112730136577 | 1685818852902 | palette"}
{"level":"info","message":"command | 237354112730136577 | 1685818854559 | palette"}
{"level":"info","message":"command | 237354112730136577 | 1685818856800 | palette"}
{"level":"info","message":"command | 237354112730136577 | 1685818859447 | palette"}
{"level":"info","message":"meta | 2 | 135 | 1 | 35"}
{"level":"info","message":"command | 237354112730136577 | 1685818958933 | palette"}
{"level":"info","message":"command | 237354112730136577 | 1685818960917 | palette"}
{"level":"info","message":"command | 237354112730136577 | 1685818963862 | palette"}
{"level":"info","message":"command | 237354112730136577 | 1685818968164 | palette"}
{"level":"info","message":"command | 237354112730136577 | 1685818989144 | palette"}
{"level":"info","message":"command | 237354112730136577 | 1685818990812 | palette"}
{"level":"info","message":"meta | 2 | 135 | 1 | 35"}
{"level":"info","message":"command | 237354112730136577 | 1685819016401 | palette"}
{"level":"info","message":"meta | 2 | 135 | 1 | 35"}
{"level":"info","message":"command | 237354112730136577 | 1685819082624 | palette"}
{"level":"info","message":"command | 237354112730136577 | 1685819084245 | palette"}
{"level":"info","message":"command | 237354112730136577 | 1685819086483 | palette"}
{"level":"info","message":"command | 237354112730136577 | 1685819087942 | palette"}
{"level":"info","message":"meta | 2 | 135 | 1 | 35"}
{"level":"info","message":"command | 237354112730136577 | 1685819107010 | palette"}
{"level":"info","message":"command | 237354112730136577 | 1685819108545 | palette"}
{"level":"info","message":"command | 237354112730136577 | 1685819109859 | palette"}
{"level":"info","message":"command | 237354112730136577 | 1685819112267 | palette"}
{"level":"info","message":"command | 237354112730136577 | 1685819114653 | palette"}
{"level":"info","message":"command | 237354112730136577 | 1685819117107 | palette"}
{"level":"info","message":"meta | 2 | 135 | 1 | 35"}
{"level":"info","message":"meta | 2 | 135 | 1 | 35"}
{"level":"info","message":"command | 237354112730136577 | 1685819150656 | palette"}
{"level":"info","message":"command | 237354112730136577 | 1685819152373 | palette"}
{"level":"info","message":"command | 237354112730136577 | 1685819154042 | palette"}
{"level":"info","message":"command | 237354112730136577 | 1685819155961 | palette"}
{"level":"info","message":"command | 237354112730136577 | 1685819158325 | palette"}
{"level":"info","message":"command | 237354112730136577 | 1685819161248 | palette"}
{"level":"info","message":"command | 237354112730136577 | 1685819163258 | palette"}
{"level":"info","message":"command | 237354112730136577 | 1685819165760 | palette"}
{"level":"info","message":"command | 237354112730136577 | 1685819168341 | palette"}
{"level":"info","message":"command | 237354112730136577 | 1685819170867 | palette"}
{"level":"info","message":"command | 237354112730136577 | 1685819173279 | palette"}
{"level":"info","message":"command | 237354112730136577 | 1685819175799 | palette"}
{"level":"info","message":"command | 237354112730136577 | 1685819178882 | palette"}
{"level":"info","message":"command | 237354112730136577 | 1685819180716 | palette"}
{"level":"info","message":"command | 237354112730136577 | 1685819183203 | palette"}
{"level":"info","message":"command | 237354112730136577 | 1685819189707 | palette"}
{"level":"info","message":"command | 237354112730136577 | 1685819193202 | palette"}
{"level":"info","message":"command | 237354112730136577 | 1685819195080 | palette"}
{"level":"info","message":"meta | 2 | 135 | 1 | 35"}
{"level":"info","message":"command | 237354112730136577 | 1685819328216 | palette"}
{"level":"info","message":"command | 237354112730136577 | 1685819329733 | palette"}
{"level":"info","message":"command | 237354112730136577 | 1685819332637 | palette"}
{"level":"info","message":"command | 237354112730136577 | 1685819335459 | palette"}
{"level":"info","message":"meta | 2 | 135 | 1 | 35"}
{"level":"info","message":"command | 237354112730136577 | 1685819387080 | palette"}
{"level":"info","message":"command | 237354112730136577 | 1685819389817 | palette"}
{"level":"info","message":"command | 237354112730136577 | 1685819394384 | palette"}
{"level":"info","message":"command | 237354112730136577 | 1685819397865 | palette"}
{"level":"info","message":"command | 237354112730136577 | 1685819399581 | palette"}
{"level":"info","message":"command | 237354112730136577 | 1685819401021 | palette"}
{"level":"info","message":"command | 237354112730136577 | 1685819403240 | palette"}
{"level":"info","message":"meta | 2 | 135 | 1 | 35"}
{"level":"info","message":"command | 237354112730136577 | 1685819424647 | palette"}
{"level":"info","message":"command | 237354112730136577 | 1685819426288 | palette"}
{"level":"info","message":"command | 237354112730136577 | 1685819427902 | palette"}
{"level":"info","message":"command | 237354112730136577 | 1685819429853 | palette"}
{"level":"info","message":"command | 237354112730136577 | 1685819432234 | palette"}
{"level":"info","message":"command | 237354112730136577 | 1685819434777 | palette"}
{"level":"info","message":"command | 237354112730136577 | 1685819437144 | palette"}
{"level":"info","message":"command | 237354112730136577 | 1685819439813 | palette"}
{"level":"info","message":"command | 237354112730136577 | 1685819442744 | palette"}
{"level":"info","message":"command | 237354112730136577 | 1685819445909 | palette"}
{"level":"info","message":"meta | 2 | 135 | 1 | 35"}
{"level":"info","message":"command | 237354112730136577 | 1685819479915 | palette"}
{"level":"info","message":"command | 237354112730136577 | 1685819483950 | palette"}
{"level":"info","message":"command | 237354112730136577 | 1685819485782 | palette"}
{"level":"info","message":"command | 237354112730136577 | 1685819487334 | palette"}
{"level":"info","message":"meta | 2 | 135 | 1 | 35"}
{"level":"info","message":"command | 237354112730136577 | 1685819518155 | palette"}
{"level":"info","message":"command | 237354112730136577 | 1685819519515 | palette"}
{"level":"info","message":"command | 237354112730136577 | 1685819521049 | palette"}
{"level":"info","message":"command | 237354112730136577 | 1685819523331 | palette"}
{"level":"info","message":"command | 237354112730136577 | 1685819525783 | palette"}
{"level":"info","message":"meta | 2 | 135 | 1 | 35"}
{"level":"info","message":"command | 237354112730136577 | 1685819667473 | palette"}
{"level":"info","message":"command | 237354112730136577 | 1685819669132 | palette"}
{"level":"info","message":"command | 237354112730136577 | 1685819670679 | palette"}
{"level":"info","message":"command | 237354112730136577 | 1685819676409 | palette"}
{"level":"info","message":"meta | 2 | 135 | 1 | 35"}
{"level":"info","message":"command | 237354112730136577 | 1685819710813 | palette"}
{"level":"info","message":"command | 237354112730136577 | 1685819718163 | palette"}
{"level":"info","message":"command | 237354112730136577 | 1685819719843 | palette"}
{"level":"info","message":"command | 237354112730136577 | 1685819721300 | palette"}
{"level":"info","message":"command | 237354112730136577 | 1685819723242 | palette"}
{"level":"info","message":"meta | 2 | 135 | 1 | 35"}
{"level":"info","message":"command | 237354112730136577 | 1685819777910 | palette"}
{"level":"info","message":"command | 237354112730136577 | 1685819779386 | palette"}
{"level":"info","message":"command | 237354112730136577 | 1685819781387 | palette"}
{"level":"info","message":"command | 237354112730136577 | 1685819783154 | palette"}
{"level":"info","message":"command | 237354112730136577 | 1685819785589 | palette"}
{"level":"info","message":"command | 237354112730136577 | 1685819788093 | palette"}
{"level":"info","message":"meta | 2 | 135 | 1 | 35"}
{"level":"info","message":"command | 237354112730136577 | 1685820000888 | palette"}
{"level":"info","message":"command | 237354112730136577 | 1685820003742 | palette"}
{"level":"info","message":"command | 237354112730136577 | 1685820006543 | palette"}
{"level":"info","message":"command | 237354112730136577 | 1685820008047 | palette"}
{"level":"info","message":"command | 237354112730136577 | 1685820009713 | palette"}
{"level":"info","message":"command | 237354112730136577 | 1685820011626 | palette"}
{"level":"info","message":"command | 237354112730136577 | 1685820014101 | palette"}
{"level":"info","message":"command | 237354112730136577 | 1685820016899 | palette"}
{"level":"info","message":"command | 237354112730136577 | 1685820019138 | palette"}
{"level":"info","message":"command | 237354112730136577 | 1685820021711 | palette"}
{"level":"info","message":"meta | 2 | 135 | 1 | 35"}
{"level":"info","message":"command | 237354112730136577 | 1685820125471 | palette"}
{"level":"info","message":"command | 237354112730136577 | 1685820127088 | palette"}
{"level":"info","message":"command | 237354112730136577 | 1685820128670 | palette"}
{"level":"info","message":"command | 237354112730136577 | 1685820133048 | palette"}
{"level":"info","message":"command | 237354112730136577 | 1685820134502 | palette"}
{"level":"info","message":"command | 237354112730136577 | 1685820135868 | palette"}
{"level":"info","message":"meta | 2 | 135 | 1 | 35"}
{"level":"info","message":"command | 237354112730136577 | 1685820161308 | palette"}
{"level":"info","message":"command | 237354112730136577 | 1685820163170 | palette"}
{"level":"info","message":"command | 237354112730136577 | 1685820166227 | palette"}
{"level":"info","message":"meta | 2 | 135 | 1 | 35"}
{"level":"info","message":"command | 237354112730136577 | 1685820181591 | palette"}
{"level":"info","message":"command | 237354112730136577 | 1685820185025 | palette"}
{"level":"info","message":"command | 237354112730136577 | 1685820187533 | palette"}
{"level":"info","message":"command | 237354112730136577 | 1685820190356 | palette"}
{"level":"info","message":"command | 237354112730136577 | 1685820191961 | palette"}
{"level":"info","message":"meta | 2 | 135 | 1 | 35"}
{"level":"info","message":"command | 237354112730136577 | 1685820210575 | palette"}
{"level":"info","message":"command | 237354112730136577 | 1685820217932 | palette"}
{"level":"info","message":"command | 237354112730136577 | 1685820220458 | palette"}
{"level":"info","message":"command | 237354112730136577 | 1685820223421 | palette"}
{"level":"info","message":"meta | 2 | 135 | 1 | 35"}
{"level":"info","message":"command | 237354112730136577 | 1685820241202 | palette"}
{"level":"info","message":"command | 237354112730136577 | 1685820243121 | palette"}
{"level":"info","message":"command | 237354112730136577 | 1685820244499 | palette"}
{"level":"info","message":"command | 237354112730136577 | 1685820246459 | palette"}
{"level":"info","message":"command | 237354112730136577 | 1685820248800 | palette"}
{"level":"info","message":"command | 237354112730136577 | 1685820251290 | palette"}
{"level":"info","message":"command | 237354112730136577 | 1685820261597 | palette"}
{"level":"info","message":"command | 237354112730136577 | 1685820263334 | palette"}
{"level":"info","message":"command | 237354112730136577 | 1685820265504 | palette"}
{"level":"info","message":"command | 237354112730136577 | 1685820267333 | palette"}
{"level":"info","message":"meta | 2 | 135 | 1 | 35"}
{"level":"info","message":"command | 237354112730136577 | 1685820293506 | palette"}
{"level":"info","message":"command | 237354112730136577 | 1685820295002 | palette"}
{"level":"info","message":"command | 237354112730136577 | 1685820296655 | palette"}
{"level":"info","message":"command | 237354112730136577 | 1685820298891 | palette"}
{"level":"info","message":"command | 237354112730136577 | 1685820301233 | palette"}
{"level":"info","message":"command | 237354112730136577 | 1685820303612 | palette"}
{"level":"info","message":"command | 237354112730136577 | 1685820306152 | palette"}
{"level":"info","message":"command | 237354112730136577 | 1685820308859 | palette"}
{"level":"info","message":"command | 237354112730136577 | 1685820311131 | palette"}
{"level":"info","message":"command | 237354112730136577 | 1685820336394 | palette"}
{"level":"info","message":"command | 237354112730136577 | 1685820339545 | palette"}
{"level":"info","message":"command | 237354112730136577 | 1685820341166 | palette"}
{"level":"info","message":"command | 237354112730136577 | 1685820343112 | palette"}
{"level":"info","message":"meta | 2 | 135 | 1 | 35"}
{"level":"info","message":"command | 237354112730136577 | 1685820393359 | palette"}
{"level":"info","message":"command | 237354112730136577 | 1685820394787 | palette"}
{"level":"info","message":"command | 237354112730136577 | 1685820398918 | palette"}
{"level":"info","message":"meta | 2 | 135 | 1 | 35"}
{"level":"info","message":"command | 237354112730136577 | 1685820452998 | palette"}
{"level":"info","message":"command | 237354112730136577 | 1685820454573 | palette"}
{"level":"info","message":"command | 237354112730136577 | 1685820456019 | palette"}
{"level":"info","message":"command | 237354112730136577 | 1685820458007 | palette"}
{"level":"info","message":"command | 237354112730136577 | 1685820468594 | palette"}
{"level":"info","message":"command | 237354112730136577 | 1685820470477 | palette"}
{"level":"info","message":"meta | 2 | 135 | 1 | 35"}
{"level":"info","message":"command | 237354112730136577 | 1685820485217 | palette"}
{"level":"info","message":"command | 237354112730136577 | 1685820486855 | palette"}
{"level":"info","message":"command | 237354112730136577 | 1685820488448 | palette"}
{"level":"info","message":"command | 237354112730136577 | 1685820490223 | palette"}
{"level":"info","message":"command | 237354112730136577 | 1685820492847 | palette"}
{"level":"info","message":"command | 237354112730136577 | 1685820495299 | palette"}
{"level":"info","message":"command | 237354112730136577 | 1685820497855 | palette"}
{"level":"info","message":"meta | 2 | 135 | 1 | 35"}
{"level":"info","message":"command | 237354112730136577 | 1685820516226 | palette"}
{"level":"info","message":"command | 237354112730136577 | 1685820517539 | palette"}
{"level":"info","message":"command | 237354112730136577 | 1685820521614 | palette"}
{"level":"info","message":"command | 237354112730136577 | 1685820523084 | palette"}
{"level":"info","message":"command | 237354112730136577 | 1685820552114 | palette"}
{"level":"info","message":"command | 237354112730136577 | 1685820553787 | palette"}
{"level":"info","message":"command | 237354112730136577 | 1685820555162 | palette"}
{"level":"info","message":"command | 237354112730136577 | 1685820557250 | palette"}
{"level":"info","message":"command | 237354112730136577 | 1685820559704 | palette"}
{"level":"info","message":"command | 237354112730136577 | 1685820562288 | palette"}
{"level":"info","message":"meta | 2 | 135 | 1 | 35"}
{"level":"info","message":"command | 237354112730136577 | 1685820593617 | palette"}
{"level":"info","message":"command | 237354112730136577 | 1685820594968 | palette"}
{"level":"info","message":"command | 237354112730136577 | 1685820596303 | palette"}
{"level":"info","message":"command | 237354112730136577 | 1685820598640 | palette"}
{"level":"info","message":"command | 237354112730136577 | 1685820601158 | palette"}
{"level":"info","message":"command | 237354112730136577 | 1685820603649 | palette"}
{"level":"info","message":"command | 237354112730136577 | 1685820611912 | palette"}
{"level":"info","message":"command | 237354112730136577 | 1685820616877 | palette"}
{"level":"info","message":"command | 237354112730136577 | 1685820619938 | palette"}
{"level":"info","message":"command | 237354112730136577 | 1685820622177 | palette"}
{"level":"info","message":"command | 237354112730136577 | 1685820624498 | palette"}
{"level":"info","message":"command | 237354112730136577 | 1685820627041 | palette"}
{"level":"info","message":"meta | 2 | 135 | 1 | 35"}
{"level":"info","message":"command | 237354112730136577 | 1685820696692 | palette"}
{"level":"info","message":"command | 237354112730136577 | 1685820698147 | palette"}
{"level":"info","message":"command | 237354112730136577 | 1685820699697 | palette"}
{"level":"info","message":"command | 237354112730136577 | 1685820702053 | palette"}
{"level":"info","message":"command | 237354112730136577 | 1685820704264 | palette"}
{"level":"info","message":"command | 237354112730136577 | 1685820706825 | palette"}
{"level":"info","message":"command | 237354112730136577 | 1685820709386 | palette"}
{"level":"info","message":"meta | 2 | 135 | 1 | 35"}
{"level":"info","message":"command | 237354112730136577 | 1685820735852 | palette"}
{"level":"info","message":"command | 237354112730136577 | 1685820737432 | palette"}
{"level":"info","message":"command | 237354112730136577 | 1685820741393 | palette"}
{"level":"info","message":"command | 237354112730136577 | 1685820743153 | palette"}
{"level":"info","message":"command | 237354112730136577 | 1685820744755 | palette"}
{"level":"info","message":"command | 237354112730136577 | 1685820746602 | palette"}
{"level":"info","message":"command | 237354112730136577 | 1685820749144 | palette"}
{"level":"info","message":"meta | 2 | 135 | 1 | 35"}
{"level":"info","message":"command | 237354112730136577 | 1685820772055 | palette"}
{"level":"info","message":"command | 237354112730136577 | 1685820773622 | palette"}
{"level":"info","message":"command | 237354112730136577 | 1685820775084 | palette"}
{"level":"info","message":"command | 237354112730136577 | 1685820777298 | palette"}
{"level":"info","message":"command | 237354112730136577 | 1685820779671 | palette"}
{"level":"info","message":"command | 237354112730136577 | 1685820782208 | palette"}
{"level":"info","message":"command | 237354112730136577 | 1685820784871 | palette"}
{"level":"info","message":"command | 237354112730136577 | 1685820787366 | palette"}
{"level":"info","message":"command | 237354112730136577 | 1685820789736 | palette"}
{"level":"info","message":"meta | 2 | 135 | 1 | 35"}
{"level":"info","message":"command | 237354112730136577 | 1685820806224 | palette"}
{"level":"info","message":"command | 237354112730136577 | 1685820807972 | palette"}
{"level":"info","message":"command | 237354112730136577 | 1685820809412 | palette"}
{"level":"info","message":"command | 237354112730136577 | 1685820811364 | palette"}
{"level":"info","message":"command | 237354112730136577 | 1685820813792 | palette"}
{"level":"info","message":"command | 237354112730136577 | 1685820816269 | palette"}
{"level":"info","message":"command | 237354112730136577 | 1685820818890 | palette"}
{"level":"info","message":"command | 237354112730136577 | 1685820821296 | palette"}
{"level":"info","message":"command | 237354112730136577 | 1685820823791 | palette"}
{"level":"info","message":"command | 237354112730136577 | 1685820834007 | palette"}
{"level":"info","message":"command | 237354112730136577 | 1685820836750 | palette"}
{"level":"info","message":"command | 237354112730136577 | 1685820839109 | palette"}
{"level":"info","message":"command | 237354112730136577 | 1685820842144 | palette"}
{"level":"info","message":"command | 237354112730136577 | 1685820845479 | palette"}
{"level":"info","message":"command | 237354112730136577 | 1685820848889 | palette"}
{"level":"info","message":"command | 237354112730136577 | 1685820857850 | palette"}
{"level":"info","message":"command | 237354112730136577 | 1685820864427 | palette"}
{"level":"info","message":"meta | 2 | 135 | 1 | 35"}
{"level":"info","message":"command | 237354112730136577 | 1685820884429 | palette"}
{"level":"info","message":"command | 237354112730136577 | 1685820886122 | palette"}
{"level":"info","message":"command | 237354112730136577 | 1685820887887 | palette"}
{"level":"info","message":"command | 237354112730136577 | 1685820889649 | palette"}
{"level":"info","message":"command | 237354112730136577 | 1685820892020 | palette"}
{"level":"info","message":"command | 237354112730136577 | 1685820894517 | palette"}
{"level":"info","message":"command | 237354112730136577 | 1685820897922 | palette"}
{"level":"info","message":"meta | 2 | 135 | 1 | 35"}
{"level":"info","message":"command | 237354112730136577 | 1685820934352 | palette"}
{"level":"info","message":"command | 237354112730136577 | 1685820936244 | palette"}
{"level":"info","message":"command | 237354112730136577 | 1685820937928 | palette"}
{"level":"info","message":"command | 237354112730136577 | 1685820939440 | palette"}
{"level":"info","message":"command | 237354112730136577 | 1685820941885 | palette"}
{"level":"info","message":"command | 237354112730136577 | 1685820944495 | palette"}
{"level":"info","message":"command | 237354112730136577 | 1685820946913 | palette"}
{"level":"info","message":"command | 237354112730136577 | 1685820949616 | palette"}
{"level":"info","message":"command | 237354112730136577 | 1685820952187 | palette"}
{"level":"info","message":"command | 237354112730136577 | 1685820954475 | palette"}
{"level":"info","message":"command | 237354112730136577 | 1685820956966 | palette"}
{"level":"info","message":"command | 237354112730136577 | 1685820959464 | palette"}
{"level":"info","message":"meta | 2 | 135 | 1 | 35"}
{"level":"info","message":"command | 237354112730136577 | 1685821045167 | palette"}
{"level":"info","message":"command | 237354112730136577 | 1685821046779 | palette"}
{"level":"info","message":"command | 237354112730136577 | 1685821048501 | palette"}
{"level":"info","message":"command | 237354112730136577 | 1685821050574 | palette"}
{"level":"info","message":"command | 237354112730136577 | 1685821052795 | palette"}
{"level":"info","message":"command | 237354112730136577 | 1685821055180 | palette"}
{"level":"info","message":"command | 237354112730136577 | 1685821057802 | palette"}
{"level":"info","message":"command | 237354112730136577 | 1685821060275 | palette"}
{"level":"info","message":"command | 237354112730136577 | 1685821062820 | palette"}
{"level":"info","message":"command | 237354112730136577 | 1685821065290 | palette"}
{"level":"info","message":"command | 237354112730136577 | 1685821068593 | palette"}
{"level":"info","message":"command | 237354112730136577 | 1685821070896 | palette"}
{"level":"info","message":"command | 237354112730136577 | 1685821072907 | palette"}
{"level":"info","message":"command | 237354112730136577 | 1685821075292 | palette"}
{"level":"info","message":"command | 237354112730136577 | 1685821077954 | palette"}
{"level":"info","message":"command | 237354112730136577 | 1685821080302 | palette"}
{"level":"info","message":"command | 237354112730136577 | 1685821083892 | palette"}
{"level":"info","message":"command | 237354112730136577 | 1685821086437 | palette"}
{"level":"info","message":"command | 237354112730136577 | 1685821088104 | palette"}
{"level":"info","message":"command | 237354112730136577 | 1685821116235 | palette"}
{"level":"info","message":"command | 237354112730136577 | 1685821117506 | palette"}
{"level":"info","message":"command | 237354112730136577 | 1685821119283 | palette"}
{"level":"info","message":"meta | 2 | 135 | 1 | 35"}
{"level":"info","message":"command | 237354112730136577 | 1685821215159 | palette"}
{"level":"info","message":"command | 237354112730136577 | 1685821216766 | palette"}
{"level":"info","message":"command | 237354112730136577 | 1685821218279 | palette"}
{"level":"info","message":"command | 237354112730136577 | 1685821220449 | palette"}
{"level":"info","message":"command | 237354112730136577 | 1685821223115 | palette"}
{"level":"info","message":"command | 237354112730136577 | 1685821225522 | palette"}
{"level":"info","message":"meta | 2 | 135 | 1 | 35"}
{"level":"info","message":"command | 237354112730136577 | 1685821255352 | palette"}
{"level":"info","message":"command | 237354112730136577 | 1685821256727 | palette"}
{"level":"info","message":"command | 237354112730136577 | 1685821258451 | palette"}
{"level":"info","message":"command | 237354112730136577 | 1685821260503 | palette"}
{"level":"info","message":"command | 237354112730136577 | 1685821289077 | palette"}
{"level":"info","message":"command | 237354112730136577 | 1685821291144 | palette"}
{"level":"info","message":"command | 237354112730136577 | 1685821292806 | palette"}
{"level":"info","message":"command | 237354112730136577 | 1685821296000 | palette"}
{"level":"info","message":"command | 237354112730136577 | 1685821297594 | palette"}
{"level":"info","message":"command | 237354112730136577 | 1685821299599 | palette"}
{"level":"info","message":"command | 237354112730136577 | 1685821301668 | palette"}
{"level":"info","message":"command | 237354112730136577 | 1685821304272 | palette"}
{"level":"info","message":"command | 237354112730136577 | 1685821306738 | palette"}
{"level":"info","message":"meta | 2 | 135 | 1 | 35"}
{"level":"info","message":"command | 237354112730136577 | 1685821404977 | palette"}
{"level":"info","message":"command | 237354112730136577 | 1685821406337 | palette"}
{"level":"info","message":"command | 237354112730136577 | 1685821408695 | palette"}
{"level":"info","message":"command | 237354112730136577 | 1685821413068 | palette"}
{"level":"info","message":"command | 237354112730136577 | 1685821414667 | palette"}
{"level":"info","message":"command | 237354112730136577 | 1685821416409 | palette"}
{"level":"info","message":"command | 237354112730136577 | 1685821418073 | palette"}
{"level":"info","message":"command | 237354112730136577 | 1685821420715 | palette"}
{"level":"info","message":"command | 237354112730136577 | 1685821423205 | palette"}
{"level":"info","message":"meta | 2 | 135 | 1 | 35"}
{"level":"info","message":"command | 237354112730136577 | 1685821455995 | palette"}
{"level":"info","message":"command | 237354112730136577 | 1685821457822 | palette"}
{"level":"info","message":"command | 237354112730136577 | 1685821459037 | palette"}
{"level":"info","message":"command | 237354112730136577 | 1685821461418 | palette"}
{"level":"info","message":"command | 237354112730136577 | 1685821463647 | palette"}
{"level":"info","message":"command | 237354112730136577 | 1685821466187 | palette"}
{"level":"info","message":"command | 237354112730136577 | 1685821469183 | palette"}
{"level":"info","message":"command | 237354112730136577 | 1685821471276 | palette"}
{"level":"info","message":"command | 237354112730136577 | 1685821473708 | palette"}
{"level":"info","message":"command | 237354112730136577 | 1685821476186 | palette"}
{"level":"info","message":"command | 237354112730136577 | 1685821478677 | palette"}
{"level":"info","message":"command | 237354112730136577 | 1685821481164 | palette"}
{"level":"info","message":"command | 237354112730136577 | 1685821483658 | palette"}
{"level":"info","message":"command | 237354112730136577 | 1685821486531 | palette"}
{"level":"info","message":"command | 237354112730136577 | 1685821488742 | palette"}
{"level":"info","message":"command | 237354112730136577 | 1685821491182 | palette"}
{"level":"info","message":"command | 237354112730136577 | 1685821502745 | palette"}
{"level":"info","message":"command | 237354112730136577 | 1685821504515 | palette"}
{"level":"info","message":"command | 237354112730136577 | 1685821613780 | palette"}
{"level":"info","message":"command | 237354112730136577 | 1685821616405 | palette"}
{"level":"info","message":"command | 237354112730136577 | 1685821618674 | palette"}
{"level":"info","message":"command | 237354112730136577 | 1685821621285 | palette"}
{"level":"info","message":"command | 237354112730136577 | 1685821623381 | palette"}
{"level":"info","message":"command | 237354112730136577 | 1685821625299 | palette"}
{"level":"info","message":"command | 237354112730136577 | 1685821856115 | palette"}
{"level":"info","message":"command | 237354112730136577 | 1685821858574 | palette"}
{"level":"info","message":"command | 237354112730136577 | 1685821864082 | palette"}
{"level":"info","message":"command | 237354112730136577 | 1685821871557 | palette"}
{"level":"info","message":"command | 237354112730136577 | 1685821937636 | palette"}
{"level":"info","message":"command | 237354112730136577 | 1685821941274 | palette"}
{"level":"info","message":"meta | 2 | 135 | 1 | 35"}
{"level":"info","message":"command | 237354112730136577 | 1685822025168 | palette"}
